kotlin version: 2.2.0
error message: java.lang.OutOfMemoryError: GC overhead limit exceeded
	at java.base/java.lang.invoke.DirectMethodHandle.allocateInstance(DirectMethodHandle.java:501)
	at java.base/java.lang.invoke.DirectMethodHandle$Holder.newInvokeSpecial(DirectMethodHandle$Holder)
	at java.base/java.lang.invoke.Invokers$Holder.linkToTargetMethod(Invokers$Holder)
	at org.jetbrains.kotlin.fir.resolve.calls.stages.FirCallArgumentsProcessor.<init>(FirArgumentsToParametersMapper.kt:132)
	at org.jetbrains.kotlin.fir.resolve.calls.stages.FirArgumentsToParametersMapperKt.mapArguments(FirArgumentsToParametersMapper.kt:103)
	at org.jetbrains.kotlin.fir.resolve.calls.stages.MapArguments.check(ResolutionStages.kt:623)
	at org.jetbrains.kotlin.fir.resolve.calls.stages.ResolutionStageRunner$processCandidate$1.invokeSuspend(ResolutionStageRunner.kt:29)
	at kotlin.coroutines.jvm.internal.BaseContinuationImpl.resumeWith(ContinuationImpl.kt:33)
	at org.jetbrains.kotlin.fir.resolve.calls.stages.ResolutionStageRunner.processCandidate(ResolutionStageRunner.kt:42)
	at org.jetbrains.kotlin.fir.resolve.calls.stages.ResolutionStageRunner.processCandidate$default(ResolutionStageRunner.kt:19)
	at org.jetbrains.kotlin.fir.resolve.calls.candidate.CandidateCollector.consumeCandidate(CandidateCollector.kt:40)
	at org.jetbrains.kotlin.fir.resolve.calls.tower.TowerLevelProcessor.consumeCandidate(TowerLevelHandler.kt:90)
	at org.jetbrains.kotlin.fir.resolve.calls.tower.TowerLevelProcessor.consumeCandidate$default(TowerLevelHandler.kt:82)
	at org.jetbrains.kotlin.fir.resolve.calls.tower.DispatchReceiverMemberScopeTowerLevel$processMembers$$inlined$processCandidates$1.invoke(TowerLevels.kt:525)
	at org.jetbrains.kotlin.fir.resolve.calls.tower.DispatchReceiverMemberScopeTowerLevel$processMembers$$inlined$processCandidates$1.invoke(TowerLevels.kt:229)
	at org.jetbrains.kotlin.fir.resolve.calls.tower.DispatchReceiverMemberScopeTowerLevel.processFunctionsByName$lambda$8$lambda$7(TowerLevels.kt:297)
	at org.jetbrains.kotlin.fir.resolve.calls.tower.DispatchReceiverMemberScopeTowerLevel$$Lambda$833/0x00000008016373f0.invoke(Unknown Source)
	at org.jetbrains.kotlin.fir.scopes.impl.AbstractFirUseSiteMemberScope.processFunctionsByName(AbstractFirUseSiteMemberScope.kt:66)
	at org.jetbrains.kotlin.fir.resolve.calls.ConstructorProcessingKt.processFunctionsAndConstructorsByName(ConstructorProcessing.kt:80)
	at org.jetbrains.kotlin.fir.resolve.calls.tower.DispatchReceiverMemberScopeTowerLevel.processFunctionsByName$lambda$8(TowerLevels.kt:291)
	at org.jetbrains.kotlin.fir.resolve.calls.tower.DispatchReceiverMemberScopeTowerLevel$$Lambda$832/0x00000008016371e0.invoke(Unknown Source)
	at org.jetbrains.kotlin.fir.resolve.calls.tower.DispatchReceiverMemberScopeTowerLevel.processMembers(TowerLevels.kt:526)
	at org.jetbrains.kotlin.fir.resolve.calls.tower.DispatchReceiverMemberScopeTowerLevel.processFunctionsByName(TowerLevels.kt:289)
	at org.jetbrains.kotlin.fir.resolve.calls.tower.TowerLevelHandler.handleLevel(TowerLevelHandler.kt:61)
	at org.jetbrains.kotlin.fir.resolve.calls.tower.FirBaseTowerResolveTask.processLevel(FirTowerResolveTask.kt:204)
	at org.jetbrains.kotlin.fir.resolve.calls.tower.FirBaseTowerResolveTask.access$processLevel(FirTowerResolveTask.kt:62)
	at org.jetbrains.kotlin.fir.resolve.calls.tower.FirBaseTowerResolveTask$processLevel$3.invokeSuspend(FirTowerResolveTask.kt)
	at kotlin.coroutines.jvm.internal.BaseContinuationImpl.resumeWith(ContinuationImpl.kt:33)
	at org.jetbrains.kotlin.fir.resolve.calls.tower.TowerResolveManager.resumeTask(TowerResolveManager.kt:77)
	at org.jetbrains.kotlin.fir.resolve.calls.tower.TowerResolveManager.runTasks(TowerResolveManager.kt:83)
	at org.jetbrains.kotlin.fir.resolve.calls.tower.FirTowerResolver.runResolver(FirTowerResolver.kt:52)
	at org.jetbrains.kotlin.fir.resolve.calls.tower.FirTowerResolver.runResolver$default(FirTowerResolver.kt:41)


